ca65 V2.19 - Git 4f87c7c
Main file   : .\ansidump_test.s
Current file: .\ansidump_test.s

000000r 1               ; Target assembler: cc65 v2.18.0 [--target none -C asciidump.bin_cc65.cfg]
000000r 1               ; 6502bench SourceGen v1.8.0-beta1
000000r 1                        .setcpu "6502"
000000r 1               lostart  =       $0a
000000r 1               hiStart  =       $0b
000000r 1               xOutch   =       $1EA0
000000r 1               crlf     =       $1E2F
000000r 1               
000000r 1                        .org    $0080
000080  1  20 2F 1E     		 jsr     crlf
000083  1  A0 00                 ldy     #$00
000085  1  B1 0A        print:   lda     (lostart),y ;read a char
000087  1  C9 40                 cmp     #$40       ;stopcharacter
000089  1  F0 14                 beq     Reset      ;goodbye if @
00008B  1  20 A0 1E     		 jsr     xOutch
00008E  1  18           nextch:  clc
00008F  1  A5 0A                 lda     lostart    ;where to start
000091  1  69 01                 adc     #$01
000093  1  85 0A                 sta     lostart
000095  1  A5 0B                 lda     hiStart    ;where to start
000097  1  69 00                 adc     #$00       ;add carry to histart
000099  1  85 0B                 sta     hiStart
00009B  1  A9 00                 lda     #$00
00009D  1  F0 E6                 beq     print
00009F  1  4C 4F 1C     Reset:   jmp     $1c4f
0000A2  1               
0000A2  1               
